[0.432s] Invoking command in '/home/park/testpublic/colcon_ws/src/hello_ros': PYTHONPATH=/home/park/testpublic/colcon_ws/build/hello_ros/prefix_override:/usr/lib/python3/dist-packages/colcon_core/task/python/colcon_distutils_commands:/home/park/testpublic/colcon_ws/install/hello_ros/lib/python3.10/site-packages:${PYTHONPATH} /usr/bin/python3 -W ignore:setup.py install is deprecated -W ignore:easy_install command is deprecated setup.py egg_info --egg-base ../../build/hello_ros build --build-base /home/park/testpublic/colcon_ws/build/hello_ros/build install --record /home/park/testpublic/colcon_ws/build/hello_ros/install.log --single-version-externally-managed install_data
[0.590s] running egg_info
[0.590s] writing ../../build/hello_ros/hello_ros.egg-info/PKG-INFO
[0.591s] writing dependency_links to ../../build/hello_ros/hello_ros.egg-info/dependency_links.txt
[0.591s] writing entry points to ../../build/hello_ros/hello_ros.egg-info/entry_points.txt
[0.591s] writing requirements to ../../build/hello_ros/hello_ros.egg-info/requires.txt
[0.591s] writing top-level names to ../../build/hello_ros/hello_ros.egg-info/top_level.txt
[0.592s] reading manifest file '../../build/hello_ros/hello_ros.egg-info/SOURCES.txt'
[0.593s] writing manifest file '../../build/hello_ros/hello_ros.egg-info/SOURCES.txt'
[0.593s] running build
[0.593s] running build_py
[0.593s] copying hello_ros/hello_ros.py -> /home/park/testpublic/colcon_ws/build/hello_ros/build/lib/hello_ros
[0.594s] running install
[0.594s] running install_lib
[0.594s] copying /home/park/testpublic/colcon_ws/build/hello_ros/build/lib/hello_ros/hello_ros.py -> /home/park/testpublic/colcon_ws/install/hello_ros/lib/python3.10/site-packages/hello_ros
[0.594s] byte-compiling /home/park/testpublic/colcon_ws/install/hello_ros/lib/python3.10/site-packages/hello_ros/hello_ros.py to hello_ros.cpython-310.pyc
[0.595s] running install_data
[0.595s] running install_egg_info
[0.596s] removing '/home/park/testpublic/colcon_ws/install/hello_ros/lib/python3.10/site-packages/hello_ros-0.0.0-py3.10.egg-info' (and everything under it)
[0.596s] Copying ../../build/hello_ros/hello_ros.egg-info to /home/park/testpublic/colcon_ws/install/hello_ros/lib/python3.10/site-packages/hello_ros-0.0.0-py3.10.egg-info
[0.597s] running install_scripts
[0.611s] Installing hello_ros script to /home/park/testpublic/colcon_ws/install/hello_ros/lib/hello_ros
[0.611s] writing list of installed files to '/home/park/testpublic/colcon_ws/build/hello_ros/install.log'
[0.627s] Invoked command in '/home/park/testpublic/colcon_ws/src/hello_ros' returned '0': PYTHONPATH=/home/park/testpublic/colcon_ws/build/hello_ros/prefix_override:/usr/lib/python3/dist-packages/colcon_core/task/python/colcon_distutils_commands:/home/park/testpublic/colcon_ws/install/hello_ros/lib/python3.10/site-packages:${PYTHONPATH} /usr/bin/python3 -W ignore:setup.py install is deprecated -W ignore:easy_install command is deprecated setup.py egg_info --egg-base ../../build/hello_ros build --build-base /home/park/testpublic/colcon_ws/build/hello_ros/build install --record /home/park/testpublic/colcon_ws/build/hello_ros/install.log --single-version-externally-managed install_data
