[0.126s] DEBUG:colcon:Command line arguments: ['/usr/bin/colcon', 'build']
[0.126s] DEBUG:colcon:Parsed command line arguments: Namespace(log_base=None, log_level=None, verb_name='build', build_base='build', install_base='install', merge_install=False, symlink_install=False, test_result_base=None, continue_on_error=False, executor='parallel', parallel_workers=2, event_handlers=None, ignore_user_meta=False, metas=['./colcon.meta'], base_paths=['.'], packages_ignore=None, packages_ignore_regex=None, paths=None, packages_up_to=None, packages_up_to_regex=None, packages_above=None, packages_above_and_dependencies=None, packages_above_depth=None, packages_select_by_dep=None, packages_skip_by_dep=None, packages_skip_up_to=None, packages_select_build_failed=False, packages_skip_build_finished=False, packages_select_test_failures=False, packages_skip_test_passed=False, packages_select=None, packages_skip=None, packages_select_regex=None, packages_skip_regex=None, packages_start=None, packages_end=None, allow_overriding=[], cmake_args=None, cmake_target=None, cmake_target_skip_unavailable=False, cmake_clean_cache=False, cmake_clean_first=False, cmake_force_configure=False, ament_cmake_args=None, catkin_cmake_args=None, catkin_skip_building_tests=False, mixin_files=None, mixin=None, verb_parser=<colcon_mixin.mixin.mixin_argument.MixinArgumentDecorator object at 0x741394acdb70>, verb_extension=<colcon_core.verb.build.BuildVerb object at 0x741394acd4e0>, main=<bound method BuildVerb.main of <colcon_core.verb.build.BuildVerb object at 0x741394acd4e0>>, mixin_verb=('build',))
[0.345s] Level 1:colcon.colcon_core.package_discovery:discover_packages(colcon_meta) check parameters
[0.345s] Level 1:colcon.colcon_core.package_discovery:discover_packages(recursive) check parameters
[0.345s] Level 1:colcon.colcon_core.package_discovery:discover_packages(ignore) check parameters
[0.345s] Level 1:colcon.colcon_core.package_discovery:discover_packages(path) check parameters
[0.345s] Level 1:colcon.colcon_core.package_discovery:discover_packages(colcon_meta) discover
[0.345s] Level 1:colcon.colcon_core.package_discovery:discover_packages(recursive) discover
[0.345s] INFO:colcon.colcon_core.package_discovery:Crawling recursively for packages in '/home/park/testpublic/colcon_ws'
[0.345s] Level 1:colcon.colcon_core.package_identification:_identify(.) by extensions ['ignore', 'ignore_ament_install']
[0.345s] Level 1:colcon.colcon_core.package_identification:_identify(.) by extension 'ignore'
[0.345s] Level 1:colcon.colcon_core.package_identification:_identify(.) by extension 'ignore_ament_install'
[0.345s] Level 1:colcon.colcon_core.package_identification:_identify(.) by extensions ['colcon_pkg']
[0.345s] Level 1:colcon.colcon_core.package_identification:_identify(.) by extension 'colcon_pkg'
[0.345s] Level 1:colcon.colcon_core.package_identification:_identify(.) by extensions ['colcon_meta']
[0.345s] Level 1:colcon.colcon_core.package_identification:_identify(.) by extension 'colcon_meta'
[0.345s] Level 1:colcon.colcon_core.package_identification:_identify(.) by extensions ['ros']
[0.345s] Level 1:colcon.colcon_core.package_identification:_identify(.) by extension 'ros'
[0.356s] Level 1:colcon.colcon_core.package_identification:_identify(.) by extensions ['cmake', 'python']
[0.356s] Level 1:colcon.colcon_core.package_identification:_identify(.) by extension 'cmake'
[0.356s] Level 1:colcon.colcon_core.package_identification:_identify(.) by extension 'python'
[0.356s] Level 1:colcon.colcon_core.package_identification:_identify(.) by extensions ['python_setup_py']
[0.356s] Level 1:colcon.colcon_core.package_identification:_identify(.) by extension 'python_setup_py'
[0.356s] Level 1:colcon.colcon_core.package_identification:_identify(build) by extensions ['ignore', 'ignore_ament_install']
[0.356s] Level 1:colcon.colcon_core.package_identification:_identify(build) by extension 'ignore'
[0.356s] Level 1:colcon.colcon_core.package_identification:_identify(build) ignored
[0.356s] Level 1:colcon.colcon_core.package_identification:_identify(install) by extensions ['ignore', 'ignore_ament_install']
[0.356s] Level 1:colcon.colcon_core.package_identification:_identify(install) by extension 'ignore'
[0.356s] Level 1:colcon.colcon_core.package_identification:_identify(install) ignored
[0.357s] Level 1:colcon.colcon_core.package_identification:_identify(log) by extensions ['ignore', 'ignore_ament_install']
[0.357s] Level 1:colcon.colcon_core.package_identification:_identify(log) by extension 'ignore'
[0.357s] Level 1:colcon.colcon_core.package_identification:_identify(log) ignored
[0.357s] Level 1:colcon.colcon_core.package_identification:_identify(src) by extensions ['ignore', 'ignore_ament_install']
[0.357s] Level 1:colcon.colcon_core.package_identification:_identify(src) by extension 'ignore'
[0.357s] Level 1:colcon.colcon_core.package_identification:_identify(src) by extension 'ignore_ament_install'
[0.357s] Level 1:colcon.colcon_core.package_identification:_identify(src) by extensions ['colcon_pkg']
[0.357s] Level 1:colcon.colcon_core.package_identification:_identify(src) by extension 'colcon_pkg'
[0.357s] Level 1:colcon.colcon_core.package_identification:_identify(src) by extensions ['colcon_meta']
[0.357s] Level 1:colcon.colcon_core.package_identification:_identify(src) by extension 'colcon_meta'
[0.357s] Level 1:colcon.colcon_core.package_identification:_identify(src) by extensions ['ros']
[0.357s] Level 1:colcon.colcon_core.package_identification:_identify(src) by extension 'ros'
[0.357s] Level 1:colcon.colcon_core.package_identification:_identify(src) by extensions ['cmake', 'python']
[0.357s] Level 1:colcon.colcon_core.package_identification:_identify(src) by extension 'cmake'
[0.357s] Level 1:colcon.colcon_core.package_identification:_identify(src) by extension 'python'
[0.357s] Level 1:colcon.colcon_core.package_identification:_identify(src) by extensions ['python_setup_py']
[0.357s] Level 1:colcon.colcon_core.package_identification:_identify(src) by extension 'python_setup_py'
[0.357s] Level 1:colcon.colcon_core.package_identification:_identify(src/hello_ros) by extensions ['ignore', 'ignore_ament_install']
[0.357s] Level 1:colcon.colcon_core.package_identification:_identify(src/hello_ros) by extension 'ignore'
[0.357s] Level 1:colcon.colcon_core.package_identification:_identify(src/hello_ros) by extension 'ignore_ament_install'
[0.358s] Level 1:colcon.colcon_core.package_identification:_identify(src/hello_ros) by extensions ['colcon_pkg']
[0.358s] Level 1:colcon.colcon_core.package_identification:_identify(src/hello_ros) by extension 'colcon_pkg'
[0.358s] Level 1:colcon.colcon_core.package_identification:_identify(src/hello_ros) by extensions ['colcon_meta']
[0.358s] Level 1:colcon.colcon_core.package_identification:_identify(src/hello_ros) by extension 'colcon_meta'
[0.358s] Level 1:colcon.colcon_core.package_identification:_identify(src/hello_ros) by extensions ['ros']
[0.358s] Level 1:colcon.colcon_core.package_identification:_identify(src/hello_ros) by extension 'ros'
[0.360s] DEBUG:colcon.colcon_core.package_identification:Package 'src/hello_ros' with type 'ros.ament_python' and name 'hello_ros'
[0.360s] Level 1:colcon.colcon_core.package_discovery:discover_packages(recursive) using defaults
[0.360s] Level 1:colcon.colcon_core.package_discovery:discover_packages(ignore) discover
[0.360s] Level 1:colcon.colcon_core.package_discovery:discover_packages(ignore) using defaults
[0.360s] Level 1:colcon.colcon_core.package_discovery:discover_packages(path) discover
[0.360s] Level 1:colcon.colcon_core.package_discovery:discover_packages(path) using defaults
[0.389s] Level 1:colcon.colcon_core.package_discovery:discover_packages(prefix_path) check parameters
[0.389s] Level 1:colcon.colcon_core.package_discovery:discover_packages(prefix_path) discover
[0.391s] WARNING:colcon.colcon_core.prefix_path.colcon:The path '/home/park/testpublic/colcon_ws/src/install' in the environment variable COLCON_PREFIX_PATH doesn't exist
[0.391s] WARNING:colcon.colcon_ros.prefix_path.ament:The path '/home/park/testpublic/colcon_ws/src/install/hello_ros' in the environment variable AMENT_PREFIX_PATH doesn't exist
[0.392s] DEBUG:colcon.colcon_installed_package_information.package_discovery:Found 1 installed packages in /home/park/testpublic/colcon_ws/install
[0.393s] DEBUG:colcon.colcon_installed_package_information.package_discovery:Found 271 installed packages in /opt/ros/humble
[0.394s] Level 1:colcon.colcon_core.package_discovery:discover_packages(prefix_path) using defaults
[0.420s] Level 5:colcon.colcon_core.verb:set package 'hello_ros' build argument 'cmake_args' from command line to 'None'
[0.420s] Level 5:colcon.colcon_core.verb:set package 'hello_ros' build argument 'cmake_target' from command line to 'None'
[0.420s] Level 5:colcon.colcon_core.verb:set package 'hello_ros' build argument 'cmake_target_skip_unavailable' from command line to 'False'
[0.420s] Level 5:colcon.colcon_core.verb:set package 'hello_ros' build argument 'cmake_clean_cache' from command line to 'False'
[0.420s] Level 5:colcon.colcon_core.verb:set package 'hello_ros' build argument 'cmake_clean_first' from command line to 'False'
[0.420s] Level 5:colcon.colcon_core.verb:set package 'hello_ros' build argument 'cmake_force_configure' from command line to 'False'
[0.420s] Level 5:colcon.colcon_core.verb:set package 'hello_ros' build argument 'ament_cmake_args' from command line to 'None'
[0.420s] Level 5:colcon.colcon_core.verb:set package 'hello_ros' build argument 'catkin_cmake_args' from command line to 'None'
[0.420s] Level 5:colcon.colcon_core.verb:set package 'hello_ros' build argument 'catkin_skip_building_tests' from command line to 'False'
[0.420s] DEBUG:colcon.colcon_core.verb:Building package 'hello_ros' with the following arguments: {'ament_cmake_args': None, 'build_base': '/home/park/testpublic/colcon_ws/build/hello_ros', 'catkin_cmake_args': None, 'catkin_skip_building_tests': False, 'cmake_args': None, 'cmake_clean_cache': False, 'cmake_clean_first': False, 'cmake_force_configure': False, 'cmake_target': None, 'cmake_target_skip_unavailable': False, 'install_base': '/home/park/testpublic/colcon_ws/install/hello_ros', 'merge_install': False, 'path': '/home/park/testpublic/colcon_ws/src/hello_ros', 'symlink_install': False, 'test_result_base': None}
[0.421s] INFO:colcon.colcon_core.executor:Executing jobs using 'parallel' executor
[0.421s] DEBUG:colcon.colcon_parallel_executor.executor.parallel:run_until_complete
[0.422s] INFO:colcon.colcon_ros.task.ament_python.build:Building ROS package in '/home/park/testpublic/colcon_ws/src/hello_ros' with build type 'ament_python'
[0.422s] Level 1:colcon.colcon_core.shell:create_environment_hook('hello_ros', 'ament_prefix_path')
[0.427s] INFO:colcon.colcon_core.plugin_system:Skipping extension 'colcon_core.shell.bat': Not used on non-Windows systems
[0.427s] INFO:colcon.colcon_core.shell:Creating environment hook '/home/park/testpublic/colcon_ws/install/hello_ros/share/hello_ros/hook/ament_prefix_path.ps1'
[0.428s] INFO:colcon.colcon_core.shell:Creating environment descriptor '/home/park/testpublic/colcon_ws/install/hello_ros/share/hello_ros/hook/ament_prefix_path.dsv'
[0.428s] INFO:colcon.colcon_core.shell:Creating environment hook '/home/park/testpublic/colcon_ws/install/hello_ros/share/hello_ros/hook/ament_prefix_path.sh'
[0.429s] INFO:colcon.colcon_core.shell:Skip shell extension 'powershell' for command environment: Not usable outside of PowerShell
[0.429s] DEBUG:colcon.colcon_core.shell:Skip shell extension 'dsv' for command environment
[0.602s] INFO:colcon.colcon_core.task.python.build:Building Python package in '/home/park/testpublic/colcon_ws/src/hello_ros'
[0.603s] INFO:colcon.colcon_core.shell:Skip shell extension 'powershell' for command environment: Not usable outside of PowerShell
[0.603s] DEBUG:colcon.colcon_core.shell:Skip shell extension 'dsv' for command environment
[0.846s] DEBUG:colcon.colcon_core.event_handler.log_command:Invoking command in '/home/park/testpublic/colcon_ws/src/hello_ros': PYTHONPATH=/home/park/testpublic/colcon_ws/build/hello_ros/prefix_override:/usr/lib/python3/dist-packages/colcon_core/task/python/colcon_distutils_commands:/home/park/testpublic/colcon_ws/install/hello_ros/lib/python3.10/site-packages:${PYTHONPATH} /usr/bin/python3 -W ignore:setup.py install is deprecated -W ignore:easy_install command is deprecated setup.py egg_info --egg-base ../../build/hello_ros build --build-base /home/park/testpublic/colcon_ws/build/hello_ros/build install --record /home/park/testpublic/colcon_ws/build/hello_ros/install.log --single-version-externally-managed install_data
[1.045s] DEBUG:colcon.colcon_core.event_handler.log_command:Invoked command in '/home/park/testpublic/colcon_ws/src/hello_ros' returned '0': PYTHONPATH=/home/park/testpublic/colcon_ws/build/hello_ros/prefix_override:/usr/lib/python3/dist-packages/colcon_core/task/python/colcon_distutils_commands:/home/park/testpublic/colcon_ws/install/hello_ros/lib/python3.10/site-packages:${PYTHONPATH} /usr/bin/python3 -W ignore:setup.py install is deprecated -W ignore:easy_install command is deprecated setup.py egg_info --egg-base ../../build/hello_ros build --build-base /home/park/testpublic/colcon_ws/build/hello_ros/build install --record /home/park/testpublic/colcon_ws/build/hello_ros/install.log --single-version-externally-managed install_data
[1.049s] Level 1:colcon.colcon_core.environment:checking '/home/park/testpublic/colcon_ws/install/hello_ros' for CMake module files
[1.050s] Level 1:colcon.colcon_core.environment:checking '/home/park/testpublic/colcon_ws/install/hello_ros' for CMake config files
[1.050s] Level 1:colcon.colcon_core.environment:checking '/home/park/testpublic/colcon_ws/install/hello_ros/lib'
[1.050s] Level 1:colcon.colcon_core.environment:checking '/home/park/testpublic/colcon_ws/install/hello_ros/bin'
[1.050s] Level 1:colcon.colcon_core.environment:checking '/home/park/testpublic/colcon_ws/install/hello_ros/lib/pkgconfig/hello_ros.pc'
[1.050s] Level 1:colcon.colcon_core.environment:checking '/home/park/testpublic/colcon_ws/install/hello_ros/lib/python3.10/site-packages'
[1.051s] Level 1:colcon.colcon_core.shell:create_environment_hook('hello_ros', 'pythonpath')
[1.051s] INFO:colcon.colcon_core.shell:Creating environment hook '/home/park/testpublic/colcon_ws/install/hello_ros/share/hello_ros/hook/pythonpath.ps1'
[1.051s] INFO:colcon.colcon_core.shell:Creating environment descriptor '/home/park/testpublic/colcon_ws/install/hello_ros/share/hello_ros/hook/pythonpath.dsv'
[1.052s] INFO:colcon.colcon_core.shell:Creating environment hook '/home/park/testpublic/colcon_ws/install/hello_ros/share/hello_ros/hook/pythonpath.sh'
[1.052s] Level 1:colcon.colcon_core.environment:checking '/home/park/testpublic/colcon_ws/install/hello_ros/bin'
[1.052s] Level 1:colcon.colcon_core.environment:create_environment_scripts_only(hello_ros)
[1.052s] INFO:colcon.colcon_core.shell:Creating package script '/home/park/testpublic/colcon_ws/install/hello_ros/share/hello_ros/package.ps1'
[1.054s] INFO:colcon.colcon_core.shell:Creating package descriptor '/home/park/testpublic/colcon_ws/install/hello_ros/share/hello_ros/package.dsv'
[1.054s] INFO:colcon.colcon_core.shell:Creating package script '/home/park/testpublic/colcon_ws/install/hello_ros/share/hello_ros/package.sh'
[1.055s] INFO:colcon.colcon_core.shell:Creating package script '/home/park/testpublic/colcon_ws/install/hello_ros/share/hello_ros/package.bash'
[1.056s] INFO:colcon.colcon_core.shell:Creating package script '/home/park/testpublic/colcon_ws/install/hello_ros/share/hello_ros/package.zsh'
[1.057s] Level 1:colcon.colcon_core.environment:create_file_with_runtime_dependencies(/home/park/testpublic/colcon_ws/install/hello_ros/share/colcon-core/packages/hello_ros)
[1.057s] DEBUG:colcon.colcon_parallel_executor.executor.parallel:closing loop
[1.058s] DEBUG:colcon.colcon_parallel_executor.executor.parallel:loop closed
[1.058s] DEBUG:colcon.colcon_parallel_executor.executor.parallel:run_until_complete finished with '0'
[1.058s] DEBUG:colcon.colcon_core.event_reactor:joining thread
[1.067s] INFO:colcon.colcon_core.plugin_system:Skipping extension 'colcon_notification.desktop_notification.terminal_notifier': Not used on non-Darwin systems
[1.067s] INFO:colcon.colcon_core.plugin_system:Skipping extension 'colcon_notification.desktop_notification.win32': Not used on non-Windows systems
[1.067s] INFO:colcon.colcon_notification.desktop_notification:Sending desktop notification using 'notify2'
[1.077s] DEBUG:colcon.colcon_core.event_reactor:joined thread
[1.077s] INFO:colcon.colcon_core.shell:Creating prefix script '/home/park/testpublic/colcon_ws/install/local_setup.ps1'
[1.079s] INFO:colcon.colcon_core.shell:Creating prefix util module '/home/park/testpublic/colcon_ws/install/_local_setup_util_ps1.py'
[1.080s] INFO:colcon.colcon_core.shell:Creating prefix chain script '/home/park/testpublic/colcon_ws/install/setup.ps1'
[1.082s] INFO:colcon.colcon_core.shell:Creating prefix script '/home/park/testpublic/colcon_ws/install/local_setup.sh'
[1.084s] INFO:colcon.colcon_core.shell:Creating prefix util module '/home/park/testpublic/colcon_ws/install/_local_setup_util_sh.py'
[1.084s] INFO:colcon.colcon_core.shell:Creating prefix chain script '/home/park/testpublic/colcon_ws/install/setup.sh'
[1.086s] INFO:colcon.colcon_core.shell:Creating prefix script '/home/park/testpublic/colcon_ws/install/local_setup.bash'
[1.087s] INFO:colcon.colcon_core.shell:Creating prefix chain script '/home/park/testpublic/colcon_ws/install/setup.bash'
[1.088s] INFO:colcon.colcon_core.shell:Creating prefix script '/home/park/testpublic/colcon_ws/install/local_setup.zsh'
[1.089s] INFO:colcon.colcon_core.shell:Creating prefix chain script '/home/park/testpublic/colcon_ws/install/setup.zsh'
